<?xml version="1.0" encoding="UTF-8"?>
<testsuite xmlns:xsi="http://www.w3.org/2001/XMLSchema-instance" xsi:noNamespaceSchemaLocation="https://maven.apache.org/surefire/maven-surefire-plugin/xsd/surefire-test-report.xsd" name="com.hao.BootojApplicationTests" time="3.549" tests="1" errors="0" skipped="0" failures="0">
  <properties>
    <property name="sun.desktop" value="windows"/>
    <property name="awt.toolkit" value="sun.awt.windows.WToolkit"/>
    <property name="file.encoding.pkg" value="sun.io"/>
    <property name="java.specification.version" value="1.8"/>
    <property name="sun.cpu.isalist" value="amd64"/>
    <property name="sun.jnu.encoding" value="GBK"/>
    <property name="java.class.path" value="D:\IdeaProjects\eeStudy1\bootoj\target\test-classes;D:\IdeaProjects\eeStudy1\bootoj\target\classes;D:\Tools\M2Repository\com\fasterxml\jackson\core\jackson-databind\2.12.1\jackson-databind-2.12.1.jar;D:\Tools\M2Repository\com\fasterxml\jackson\core\jackson-core\2.12.1\jackson-core-2.12.1.jar;D:\Tools\M2Repository\com\fasterxml\jackson\core\jackson-annotations\2.12.1\jackson-annotations-2.12.1.jar;D:\Tools\M2Repository\org\mybatis\spring\boot\mybatis-spring-boot-starter\2.1.4\mybatis-spring-boot-starter-2.1.4.jar;D:\Tools\M2Repository\org\springframework\boot\spring-boot-starter\2.4.1\spring-boot-starter-2.4.1.jar;D:\Tools\M2Repository\org\springframework\boot\spring-boot-starter-logging\2.4.1\spring-boot-starter-logging-2.4.1.jar;D:\Tools\M2Repository\ch\qos\logback\logback-classic\1.2.3\logback-classic-1.2.3.jar;D:\Tools\M2Repository\ch\qos\logback\logback-core\1.2.3\logback-core-1.2.3.jar;D:\Tools\M2Repository\org\apache\logging\log4j\log4j-to-slf4j\2.13.3\log4j-to-slf4j-2.13.3.jar;D:\Tools\M2Repository\org\apache\logging\log4j\log4j-api\2.13.3\log4j-api-2.13.3.jar;D:\Tools\M2Repository\org\slf4j\jul-to-slf4j\1.7.30\jul-to-slf4j-1.7.30.jar;D:\Tools\M2Repository\jakarta\annotation\jakarta.annotation-api\1.3.5\jakarta.annotation-api-1.3.5.jar;D:\Tools\M2Repository\org\yaml\snakeyaml\1.27\snakeyaml-1.27.jar;D:\Tools\M2Repository\org\mybatis\spring\boot\mybatis-spring-boot-autoconfigure\2.1.4\mybatis-spring-boot-autoconfigure-2.1.4.jar;D:\Tools\M2Repository\org\mybatis\mybatis\3.5.6\mybatis-3.5.6.jar;D:\Tools\M2Repository\org\mybatis\mybatis-spring\2.0.6\mybatis-spring-2.0.6.jar;D:\Tools\M2Repository\com\alibaba\druid\1.2.4\druid-1.2.4.jar;D:\Tools\M2Repository\log4j\log4j\1.2.17\log4j-1.2.17.jar;D:\Tools\M2Repository\org\springframework\boot\spring-boot-starter-jdbc\2.4.1\spring-boot-starter-jdbc-2.4.1.jar;D:\Tools\M2Repository\com\zaxxer\HikariCP\3.4.5\HikariCP-3.4.5.jar;D:\Tools\M2Repository\org\slf4j\slf4j-api\1.7.30\slf4j-api-1.7.30.jar;D:\Tools\M2Repository\org\springframework\spring-jdbc\5.3.2\spring-jdbc-5.3.2.jar;D:\Tools\M2Repository\org\springframework\spring-beans\5.3.2\spring-beans-5.3.2.jar;D:\Tools\M2Repository\org\springframework\spring-tx\5.3.2\spring-tx-5.3.2.jar;D:\Tools\M2Repository\org\springframework\boot\spring-boot-starter-thymeleaf\2.4.1\spring-boot-starter-thymeleaf-2.4.1.jar;D:\Tools\M2Repository\org\thymeleaf\thymeleaf-spring5\3.0.11.RELEASE\thymeleaf-spring5-3.0.11.RELEASE.jar;D:\Tools\M2Repository\org\thymeleaf\thymeleaf\3.0.11.RELEASE\thymeleaf-3.0.11.RELEASE.jar;D:\Tools\M2Repository\org\attoparser\attoparser\2.0.5.RELEASE\attoparser-2.0.5.RELEASE.jar;D:\Tools\M2Repository\org\unbescape\unbescape\1.1.6.RELEASE\unbescape-1.1.6.RELEASE.jar;D:\Tools\M2Repository\org\thymeleaf\extras\thymeleaf-extras-java8time\3.0.4.RELEASE\thymeleaf-extras-java8time-3.0.4.RELEASE.jar;D:\Tools\M2Repository\org\springframework\boot\spring-boot-starter-web\2.4.1\spring-boot-starter-web-2.4.1.jar;D:\Tools\M2Repository\org\springframework\boot\spring-boot-starter-json\2.4.1\spring-boot-starter-json-2.4.1.jar;D:\Tools\M2Repository\com\fasterxml\jackson\datatype\jackson-datatype-jdk8\2.11.3\jackson-datatype-jdk8-2.11.3.jar;D:\Tools\M2Repository\com\fasterxml\jackson\datatype\jackson-datatype-jsr310\2.11.3\jackson-datatype-jsr310-2.11.3.jar;D:\Tools\M2Repository\com\fasterxml\jackson\module\jackson-module-parameter-names\2.11.3\jackson-module-parameter-names-2.11.3.jar;D:\Tools\M2Repository\org\springframework\boot\spring-boot-starter-tomcat\2.4.1\spring-boot-starter-tomcat-2.4.1.jar;D:\Tools\M2Repository\org\apache\tomcat\embed\tomcat-embed-core\9.0.41\tomcat-embed-core-9.0.41.jar;D:\Tools\M2Repository\org\glassfish\jakarta.el\3.0.3\jakarta.el-3.0.3.jar;D:\Tools\M2Repository\org\apache\tomcat\embed\tomcat-embed-websocket\9.0.41\tomcat-embed-websocket-9.0.41.jar;D:\Tools\M2Repository\org\springframework\spring-web\5.3.2\spring-web-5.3.2.jar;D:\Tools\M2Repository\org\springframework\spring-webmvc\5.3.2\spring-webmvc-5.3.2.jar;D:\Tools\M2Repository\org\springframework\spring-aop\5.3.2\spring-aop-5.3.2.jar;D:\Tools\M2Repository\org\springframework\spring-context\5.3.2\spring-context-5.3.2.jar;D:\Tools\M2Repository\org\springframework\spring-expression\5.3.2\spring-expression-5.3.2.jar;D:\Tools\M2Repository\org\springframework\boot\spring-boot-devtools\2.4.1\spring-boot-devtools-2.4.1.jar;D:\Tools\M2Repository\org\springframework\boot\spring-boot\2.4.1\spring-boot-2.4.1.jar;D:\Tools\M2Repository\org\springframework\boot\spring-boot-autoconfigure\2.4.1\spring-boot-autoconfigure-2.4.1.jar;D:\Tools\M2Repository\mysql\mysql-connector-java\5.1.49\mysql-connector-java-5.1.49.jar;D:\Tools\M2Repository\org\springframework\boot\spring-boot-configuration-processor\2.4.1\spring-boot-configuration-processor-2.4.1.jar;D:\Tools\M2Repository\org\projectlombok\lombok\1.18.16\lombok-1.18.16.jar;D:\Tools\M2Repository\org\springframework\boot\spring-boot-starter-test\2.4.1\spring-boot-starter-test-2.4.1.jar;D:\Tools\M2Repository\org\springframework\boot\spring-boot-test\2.4.1\spring-boot-test-2.4.1.jar;D:\Tools\M2Repository\org\springframework\boot\spring-boot-test-autoconfigure\2.4.1\spring-boot-test-autoconfigure-2.4.1.jar;D:\Tools\M2Repository\com\jayway\jsonpath\json-path\2.4.0\json-path-2.4.0.jar;D:\Tools\M2Repository\net\minidev\json-smart\2.3\json-smart-2.3.jar;D:\Tools\M2Repository\net\minidev\accessors-smart\1.2\accessors-smart-1.2.jar;D:\Tools\M2Repository\org\ow2\asm\asm\5.0.4\asm-5.0.4.jar;D:\Tools\M2Repository\jakarta\xml\bind\jakarta.xml.bind-api\2.3.3\jakarta.xml.bind-api-2.3.3.jar;D:\Tools\M2Repository\jakarta\activation\jakarta.activation-api\1.2.2\jakarta.activation-api-1.2.2.jar;D:\Tools\M2Repository\org\assertj\assertj-core\3.18.1\assertj-core-3.18.1.jar;D:\Tools\M2Repository\org\hamcrest\hamcrest\2.2\hamcrest-2.2.jar;D:\Tools\M2Repository\org\junit\jupiter\junit-jupiter\5.7.0\junit-jupiter-5.7.0.jar;D:\Tools\M2Repository\org\junit\jupiter\junit-jupiter-api\5.7.0\junit-jupiter-api-5.7.0.jar;D:\Tools\M2Repository\org\apiguardian\apiguardian-api\1.1.0\apiguardian-api-1.1.0.jar;D:\Tools\M2Repository\org\opentest4j\opentest4j\1.2.0\opentest4j-1.2.0.jar;D:\Tools\M2Repository\org\junit\platform\junit-platform-commons\1.7.0\junit-platform-commons-1.7.0.jar;D:\Tools\M2Repository\org\junit\jupiter\junit-jupiter-params\5.7.0\junit-jupiter-params-5.7.0.jar;D:\Tools\M2Repository\org\junit\jupiter\junit-jupiter-engine\5.7.0\junit-jupiter-engine-5.7.0.jar;D:\Tools\M2Repository\org\junit\platform\junit-platform-engine\1.7.0\junit-platform-engine-1.7.0.jar;D:\Tools\M2Repository\org\mockito\mockito-core\3.6.28\mockito-core-3.6.28.jar;D:\Tools\M2Repository\net\bytebuddy\byte-buddy\1.10.18\byte-buddy-1.10.18.jar;D:\Tools\M2Repository\net\bytebuddy\byte-buddy-agent\1.10.18\byte-buddy-agent-1.10.18.jar;D:\Tools\M2Repository\org\objenesis\objenesis\3.1\objenesis-3.1.jar;D:\Tools\M2Repository\org\mockito\mockito-junit-jupiter\3.6.28\mockito-junit-jupiter-3.6.28.jar;D:\Tools\M2Repository\org\skyscreamer\jsonassert\1.5.0\jsonassert-1.5.0.jar;D:\Tools\M2Repository\com\vaadin\external\google\android-json\0.0.20131108.vaadin1\android-json-0.0.20131108.vaadin1.jar;D:\Tools\M2Repository\org\springframework\spring-core\5.3.2\spring-core-5.3.2.jar;D:\Tools\M2Repository\org\springframework\spring-jcl\5.3.2\spring-jcl-5.3.2.jar;D:\Tools\M2Repository\org\springframework\spring-test\5.3.2\spring-test-5.3.2.jar;D:\Tools\M2Repository\org\xmlunit\xmlunit-core\2.7.0\xmlunit-core-2.7.0.jar;D:\Tools\M2Repository\com\google\code\gson\gson\2.8.6\gson-2.8.6.jar;"/>
    <property name="java.vm.vendor" value="Oracle Corporation"/>
    <property name="sun.arch.data.model" value="64"/>
    <property name="user.variant" value=""/>
    <property name="java.vendor.url" value="http://java.oracle.com/"/>
    <property name="user.timezone" value="Asia/Shanghai"/>
    <property name="java.vm.specification.version" value="1.8"/>
    <property name="os.name" value="Windows 10"/>
    <property name="user.country" value="CN"/>
    <property name="sun.java.launcher" value="SUN_STANDARD"/>
    <property name="sun.boot.library.path" value="D:\Tools\jdk1.8.0_281\jre\bin"/>
    <property name="sun.java.command" value="C:\Users\haozhang\AppData\Local\Temp\surefire5375905271854932497\surefirebooter7727305682270797291.jar C:\Users\haozhang\AppData\Local\Temp\surefire5375905271854932497 2021-06-10T12-59-05_137-jvmRun1 surefire4368392807051674413tmp surefire_02421288813211929422tmp"/>
    <property name="surefire.test.class.path" value="D:\IdeaProjects\eeStudy1\bootoj\target\test-classes;D:\IdeaProjects\eeStudy1\bootoj\target\classes;D:\Tools\M2Repository\com\fasterxml\jackson\core\jackson-databind\2.12.1\jackson-databind-2.12.1.jar;D:\Tools\M2Repository\com\fasterxml\jackson\core\jackson-core\2.12.1\jackson-core-2.12.1.jar;D:\Tools\M2Repository\com\fasterxml\jackson\core\jackson-annotations\2.12.1\jackson-annotations-2.12.1.jar;D:\Tools\M2Repository\org\mybatis\spring\boot\mybatis-spring-boot-starter\2.1.4\mybatis-spring-boot-starter-2.1.4.jar;D:\Tools\M2Repository\org\springframework\boot\spring-boot-starter\2.4.1\spring-boot-starter-2.4.1.jar;D:\Tools\M2Repository\org\springframework\boot\spring-boot-starter-logging\2.4.1\spring-boot-starter-logging-2.4.1.jar;D:\Tools\M2Repository\ch\qos\logback\logback-classic\1.2.3\logback-classic-1.2.3.jar;D:\Tools\M2Repository\ch\qos\logback\logback-core\1.2.3\logback-core-1.2.3.jar;D:\Tools\M2Repository\org\apache\logging\log4j\log4j-to-slf4j\2.13.3\log4j-to-slf4j-2.13.3.jar;D:\Tools\M2Repository\org\apache\logging\log4j\log4j-api\2.13.3\log4j-api-2.13.3.jar;D:\Tools\M2Repository\org\slf4j\jul-to-slf4j\1.7.30\jul-to-slf4j-1.7.30.jar;D:\Tools\M2Repository\jakarta\annotation\jakarta.annotation-api\1.3.5\jakarta.annotation-api-1.3.5.jar;D:\Tools\M2Repository\org\yaml\snakeyaml\1.27\snakeyaml-1.27.jar;D:\Tools\M2Repository\org\mybatis\spring\boot\mybatis-spring-boot-autoconfigure\2.1.4\mybatis-spring-boot-autoconfigure-2.1.4.jar;D:\Tools\M2Repository\org\mybatis\mybatis\3.5.6\mybatis-3.5.6.jar;D:\Tools\M2Repository\org\mybatis\mybatis-spring\2.0.6\mybatis-spring-2.0.6.jar;D:\Tools\M2Repository\com\alibaba\druid\1.2.4\druid-1.2.4.jar;D:\Tools\M2Repository\log4j\log4j\1.2.17\log4j-1.2.17.jar;D:\Tools\M2Repository\org\springframework\boot\spring-boot-starter-jdbc\2.4.1\spring-boot-starter-jdbc-2.4.1.jar;D:\Tools\M2Repository\com\zaxxer\HikariCP\3.4.5\HikariCP-3.4.5.jar;D:\Tools\M2Repository\org\slf4j\slf4j-api\1.7.30\slf4j-api-1.7.30.jar;D:\Tools\M2Repository\org\springframework\spring-jdbc\5.3.2\spring-jdbc-5.3.2.jar;D:\Tools\M2Repository\org\springframework\spring-beans\5.3.2\spring-beans-5.3.2.jar;D:\Tools\M2Repository\org\springframework\spring-tx\5.3.2\spring-tx-5.3.2.jar;D:\Tools\M2Repository\org\springframework\boot\spring-boot-starter-thymeleaf\2.4.1\spring-boot-starter-thymeleaf-2.4.1.jar;D:\Tools\M2Repository\org\thymeleaf\thymeleaf-spring5\3.0.11.RELEASE\thymeleaf-spring5-3.0.11.RELEASE.jar;D:\Tools\M2Repository\org\thymeleaf\thymeleaf\3.0.11.RELEASE\thymeleaf-3.0.11.RELEASE.jar;D:\Tools\M2Repository\org\attoparser\attoparser\2.0.5.RELEASE\attoparser-2.0.5.RELEASE.jar;D:\Tools\M2Repository\org\unbescape\unbescape\1.1.6.RELEASE\unbescape-1.1.6.RELEASE.jar;D:\Tools\M2Repository\org\thymeleaf\extras\thymeleaf-extras-java8time\3.0.4.RELEASE\thymeleaf-extras-java8time-3.0.4.RELEASE.jar;D:\Tools\M2Repository\org\springframework\boot\spring-boot-starter-web\2.4.1\spring-boot-starter-web-2.4.1.jar;D:\Tools\M2Repository\org\springframework\boot\spring-boot-starter-json\2.4.1\spring-boot-starter-json-2.4.1.jar;D:\Tools\M2Repository\com\fasterxml\jackson\datatype\jackson-datatype-jdk8\2.11.3\jackson-datatype-jdk8-2.11.3.jar;D:\Tools\M2Repository\com\fasterxml\jackson\datatype\jackson-datatype-jsr310\2.11.3\jackson-datatype-jsr310-2.11.3.jar;D:\Tools\M2Repository\com\fasterxml\jackson\module\jackson-module-parameter-names\2.11.3\jackson-module-parameter-names-2.11.3.jar;D:\Tools\M2Repository\org\springframework\boot\spring-boot-starter-tomcat\2.4.1\spring-boot-starter-tomcat-2.4.1.jar;D:\Tools\M2Repository\org\apache\tomcat\embed\tomcat-embed-core\9.0.41\tomcat-embed-core-9.0.41.jar;D:\Tools\M2Repository\org\glassfish\jakarta.el\3.0.3\jakarta.el-3.0.3.jar;D:\Tools\M2Repository\org\apache\tomcat\embed\tomcat-embed-websocket\9.0.41\tomcat-embed-websocket-9.0.41.jar;D:\Tools\M2Repository\org\springframework\spring-web\5.3.2\spring-web-5.3.2.jar;D:\Tools\M2Repository\org\springframework\spring-webmvc\5.3.2\spring-webmvc-5.3.2.jar;D:\Tools\M2Repository\org\springframework\spring-aop\5.3.2\spring-aop-5.3.2.jar;D:\Tools\M2Repository\org\springframework\spring-context\5.3.2\spring-context-5.3.2.jar;D:\Tools\M2Repository\org\springframework\spring-expression\5.3.2\spring-expression-5.3.2.jar;D:\Tools\M2Repository\org\springframework\boot\spring-boot-devtools\2.4.1\spring-boot-devtools-2.4.1.jar;D:\Tools\M2Repository\org\springframework\boot\spring-boot\2.4.1\spring-boot-2.4.1.jar;D:\Tools\M2Repository\org\springframework\boot\spring-boot-autoconfigure\2.4.1\spring-boot-autoconfigure-2.4.1.jar;D:\Tools\M2Repository\mysql\mysql-connector-java\5.1.49\mysql-connector-java-5.1.49.jar;D:\Tools\M2Repository\org\springframework\boot\spring-boot-configuration-processor\2.4.1\spring-boot-configuration-processor-2.4.1.jar;D:\Tools\M2Repository\org\projectlombok\lombok\1.18.16\lombok-1.18.16.jar;D:\Tools\M2Repository\org\springframework\boot\spring-boot-starter-test\2.4.1\spring-boot-starter-test-2.4.1.jar;D:\Tools\M2Repository\org\springframework\boot\spring-boot-test\2.4.1\spring-boot-test-2.4.1.jar;D:\Tools\M2Repository\org\springframework\boot\spring-boot-test-autoconfigure\2.4.1\spring-boot-test-autoconfigure-2.4.1.jar;D:\Tools\M2Repository\com\jayway\jsonpath\json-path\2.4.0\json-path-2.4.0.jar;D:\Tools\M2Repository\net\minidev\json-smart\2.3\json-smart-2.3.jar;D:\Tools\M2Repository\net\minidev\accessors-smart\1.2\accessors-smart-1.2.jar;D:\Tools\M2Repository\org\ow2\asm\asm\5.0.4\asm-5.0.4.jar;D:\Tools\M2Repository\jakarta\xml\bind\jakarta.xml.bind-api\2.3.3\jakarta.xml.bind-api-2.3.3.jar;D:\Tools\M2Repository\jakarta\activation\jakarta.activation-api\1.2.2\jakarta.activation-api-1.2.2.jar;D:\Tools\M2Repository\org\assertj\assertj-core\3.18.1\assertj-core-3.18.1.jar;D:\Tools\M2Repository\org\hamcrest\hamcrest\2.2\hamcrest-2.2.jar;D:\Tools\M2Repository\org\junit\jupiter\junit-jupiter\5.7.0\junit-jupiter-5.7.0.jar;D:\Tools\M2Repository\org\junit\jupiter\junit-jupiter-api\5.7.0\junit-jupiter-api-5.7.0.jar;D:\Tools\M2Repository\org\apiguardian\apiguardian-api\1.1.0\apiguardian-api-1.1.0.jar;D:\Tools\M2Repository\org\opentest4j\opentest4j\1.2.0\opentest4j-1.2.0.jar;D:\Tools\M2Repository\org\junit\platform\junit-platform-commons\1.7.0\junit-platform-commons-1.7.0.jar;D:\Tools\M2Repository\org\junit\jupiter\junit-jupiter-params\5.7.0\junit-jupiter-params-5.7.0.jar;D:\Tools\M2Repository\org\junit\jupiter\junit-jupiter-engine\5.7.0\junit-jupiter-engine-5.7.0.jar;D:\Tools\M2Repository\org\junit\platform\junit-platform-engine\1.7.0\junit-platform-engine-1.7.0.jar;D:\Tools\M2Repository\org\mockito\mockito-core\3.6.28\mockito-core-3.6.28.jar;D:\Tools\M2Repository\net\bytebuddy\byte-buddy\1.10.18\byte-buddy-1.10.18.jar;D:\Tools\M2Repository\net\bytebuddy\byte-buddy-agent\1.10.18\byte-buddy-agent-1.10.18.jar;D:\Tools\M2Repository\org\objenesis\objenesis\3.1\objenesis-3.1.jar;D:\Tools\M2Repository\org\mockito\mockito-junit-jupiter\3.6.28\mockito-junit-jupiter-3.6.28.jar;D:\Tools\M2Repository\org\skyscreamer\jsonassert\1.5.0\jsonassert-1.5.0.jar;D:\Tools\M2Repository\com\vaadin\external\google\android-json\0.0.20131108.vaadin1\android-json-0.0.20131108.vaadin1.jar;D:\Tools\M2Repository\org\springframework\spring-core\5.3.2\spring-core-5.3.2.jar;D:\Tools\M2Repository\org\springframework\spring-jcl\5.3.2\spring-jcl-5.3.2.jar;D:\Tools\M2Repository\org\springframework\spring-test\5.3.2\spring-test-5.3.2.jar;D:\Tools\M2Repository\org\xmlunit\xmlunit-core\2.7.0\xmlunit-core-2.7.0.jar;D:\Tools\M2Repository\com\google\code\gson\gson\2.8.6\gson-2.8.6.jar;"/>
    <property name="sun.cpu.endian" value="little"/>
    <property name="user.home" value="C:\Users\haozhang"/>
    <property name="user.language" value="zh"/>
    <property name="java.specification.vendor" value="Oracle Corporation"/>
    <property name="java.home" value="D:\Tools\jdk1.8.0_281\jre"/>
    <property name="basedir" value="D:\IdeaProjects\eeStudy1\bootoj"/>
    <property name="file.separator" value="\"/>
    <property name="line.separator" value="&#10;"/>
    <property name="java.vm.specification.vendor" value="Oracle Corporation"/>
    <property name="java.specification.name" value="Java Platform API Specification"/>
    <property name="java.awt.graphicsenv" value="sun.awt.Win32GraphicsEnvironment"/>
    <property name="idea.version2020.1.3" value="true"/>
    <property name="surefire.real.class.path" value="C:\Users\haozhang\AppData\Local\Temp\surefire5375905271854932497\surefirebooter7727305682270797291.jar"/>
    <property name="sun.boot.class.path" value="D:\Tools\jdk1.8.0_281\jre\lib\resources.jar;D:\Tools\jdk1.8.0_281\jre\lib\rt.jar;D:\Tools\jdk1.8.0_281\jre\lib\sunrsasign.jar;D:\Tools\jdk1.8.0_281\jre\lib\jsse.jar;D:\Tools\jdk1.8.0_281\jre\lib\jce.jar;D:\Tools\jdk1.8.0_281\jre\lib\charsets.jar;D:\Tools\jdk1.8.0_281\jre\lib\jfr.jar;D:\Tools\jdk1.8.0_281\jre\classes"/>
    <property name="user.script" value=""/>
    <property name="sun.management.compiler" value="HotSpot 64-Bit Tiered Compilers"/>
    <property name="java.runtime.version" value="1.8.0_281-b09"/>
    <property name="user.name" value="haozhang"/>
    <property name="path.separator" value=";"/>
    <property name="os.version" value="10.0"/>
    <property name="java.endorsed.dirs" value="D:\Tools\jdk1.8.0_281\jre\lib\endorsed"/>
    <property name="java.runtime.name" value="Java(TM) SE Runtime Environment"/>
    <property name="file.encoding" value="GBK"/>
    <property name="java.vm.name" value="Java HotSpot(TM) 64-Bit Server VM"/>
    <property name="localRepository" value="D:\Tools\M2Repository"/>
    <property name="java.vendor.url.bug" value="http://bugreport.sun.com/bugreport/"/>
    <property name="java.io.tmpdir" value="C:\Users\haozhang\AppData\Local\Temp\"/>
    <property name="java.version" value="1.8.0_281"/>
    <property name="user.dir" value="D:\IdeaProjects\eeStudy1\bootoj"/>
    <property name="os.arch" value="amd64"/>
    <property name="java.vm.specification.name" value="Java Virtual Machine Specification"/>
    <property name="java.awt.printerjob" value="sun.awt.windows.WPrinterJob"/>
    <property name="sun.os.patch.level" value=""/>
    <property name="java.library.path" value="D:\Tools\jdk1.8.0_281\jre\bin;C:\WINDOWS\Sun\Java\bin;C:\WINDOWS\system32;C:\WINDOWS;D:\ProgrammeTools\Xftp 6\;D:\ProgrammeTools\xshell\;C:\Program Files\Microsoft MPI\Bin\;C:\Program Files (x86)\Common Files\Oracle\Java\javapath;C:\Windows\system32;C:\Windows;C:\Windows\System32\Wbem;C:\Windows\System32\WindowsPowerShell\v1.0\;C:\Windows\System32\OpenSSH\;C:\Program Files (x86)\NVIDIA Corporation\PhysX\Common;C:\Program Files\NVIDIA Corporation\NVIDIA NvDLISR;C:\Program Files\Intel\WiFi\bin\;C:\Program Files\Common Files\Intel\WirelessCommon\;D:\Tools\jdk1.8.0_281\bin;C:\Program Files\dotnet\;D:\MySQL\mysql-5.7.27-winx64\bin;D:\Tools\apache-tomcat-8.5.40\bin;D:\Tools\apache-tomcat-8.5.40\lib;D:\Tools\apache-maven-3.6.1\bin;C:\WINDOWS\system32;C:\WINDOWS;C:\WINDOWS\System32\Wbem;C:\WINDOWS\System32\WindowsPowerShell\v1.0\;C:\WINDOWS\System32\OpenSSH\;D:\ProgrammeTools\Git\cmd;D:\ProgrammeTools\TortoiseGit\bin;D:\UserTools\Matalb_2019b\runtime\win64;D:\UserTools\Matalb_2019b\bin;D:\UserTools\Matalb_2019b\polyspace\bin;D:\UserTools\Pandoc\;D:\Tools\Micro_Focus_LoadRunner\bin\Silk\Silk Performer 21.0;D:\Tools\Python\Scripts\;D:\Tools\Python\;C:\Users\haozhang\AppData\Local\Microsoft\WindowsApps;D:\新建文件夹\Fiddler;;%USERPROFILE%\AppData\Local\Microsoft\WindowsApps;."/>
    <property name="java.vm.info" value="mixed mode"/>
    <property name="java.vendor" value="Oracle Corporation"/>
    <property name="java.vm.version" value="25.281-b09"/>
    <property name="java.ext.dirs" value="D:\Tools\jdk1.8.0_281\jre\lib\ext;C:\WINDOWS\Sun\Java\lib\ext"/>
    <property name="sun.io.unicode.encoding" value="UnicodeLittle"/>
    <property name="java.class.version" value="52.0"/>
  </properties>
  <testcase name="contextLoads" classname="com.hao.BootojApplicationTests" time="0.172"/>
</testsuite>